TN:
SF:./src/client/app/app.module.js
FN:1,(anonymous_1)
FNF:1
FNH:1
FNDA:1,(anonymous_1)
DA:1,1
DA:4,1
LF:2
LH:2
BRF:0
BRH:0
end_of_record
TN:
SF:./src/client/app/blocks/exception/exception.module.js
FN:1,(anonymous_1)
FNF:1
FNH:1
FNDA:1,(anonymous_1)
DA:1,1
DA:4,1
LF:2
LH:2
BRF:0
BRH:0
end_of_record
TN:
SF:./src/client/app/blocks/logger/logger.module.js
FN:1,(anonymous_1)
FNF:1
FNH:1
FNDA:1,(anonymous_1)
DA:1,1
DA:4,1
LF:2
LH:2
BRF:0
BRH:0
end_of_record
TN:
SF:./src/client/app/blocks/router/router.module.js
FN:1,(anonymous_1)
FNF:1
FNH:1
FNDA:1,(anonymous_1)
DA:1,1
DA:4,1
LF:2
LH:2
BRF:0
BRH:0
end_of_record
TN:
SF:./src/client/app/core/core.module.js
FN:1,(anonymous_1)
FNF:1
FNH:1
FNDA:1,(anonymous_1)
DA:1,1
DA:4,1
LF:2
LH:2
BRF:0
BRH:0
end_of_record
TN:
SF:./src/client/app/dashboard/dashboard.module.js
FN:1,(anonymous_1)
FNF:1
FNH:1
FNDA:1,(anonymous_1)
DA:1,1
DA:4,1
LF:2
LH:2
BRF:0
BRH:0
end_of_record
TN:
SF:./src/client/app/form/form.module.js
FN:1,(anonymous_1)
FNF:1
FNH:1
FNDA:1,(anonymous_1)
DA:1,1
DA:4,1
LF:2
LH:2
BRF:0
BRH:0
end_of_record
TN:
SF:./src/client/app/layout/layout.module.js
FN:1,(anonymous_1)
FNF:1
FNH:1
FNDA:1,(anonymous_1)
DA:1,1
DA:4,1
LF:2
LH:2
BRF:0
BRH:0
end_of_record
TN:
SF:./src/client/app/person/person.module.js
FN:1,(anonymous_1)
FNF:1
FNH:1
FNDA:1,(anonymous_1)
DA:1,1
DA:4,1
LF:2
LH:2
BRF:0
BRH:0
end_of_record
TN:
SF:./src/client/app/widgets/widgets.module.js
FN:1,(anonymous_1)
FNF:1
FNH:1
FNDA:1,(anonymous_1)
DA:1,1
DA:4,1
LF:2
LH:2
BRF:0
BRH:0
end_of_record
TN:
SF:./src/client/app/blocks/exception/exception-handler.provider.js
FN:3,(anonymous_1)
FN:14,exceptionHandlerProvider
FN:20,(anonymous_3)
FN:24,(anonymous_4)
FN:37,config
FN:50,extendExceptionHandler
FN:51,(anonymous_7)
FNF:7
FNH:7
FNDA:1,(anonymous_1)
FNDA:39,exceptionHandlerProvider
FNDA:36,(anonymous_3)
FNDA:41,(anonymous_4)
FNDA:39,config
FNDA:39,extendExceptionHandler
FNDA:1,(anonymous_7)
DA:3,1
DA:6,1
DA:14,1
DA:16,39
DA:20,39
DA:21,36
DA:24,39
DA:25,41
DA:29,1
DA:37,1
DA:38,39
DA:41,1
DA:50,1
DA:51,39
DA:52,1
DA:53,1
DA:54,1
DA:55,1
DA:65,0
LF:19
LH:18
BRDA:52,1,0,1
BRDA:52,1,1,0
BRF:2
BRH:1
end_of_record
TN:
SF:./src/client/app/blocks/exception/exception.js
FN:1,(anonymous_1)
FN:9,exception
FN:15,catcher
FN:16,(anonymous_4)
FNF:4
FNH:2
FNDA:1,(anonymous_1)
FNDA:9,exception
FNDA:0,catcher
FNDA:0,(anonymous_4)
DA:1,1
DA:4,1
DA:9,1
DA:10,9
DA:13,9
DA:15,1
DA:16,0
DA:17,0
DA:18,0
DA:19,0
DA:20,0
DA:21,0
DA:23,0
DA:24,0
DA:25,0
LF:15
LH:6
BRDA:19,1,0,0
BRDA:19,1,1,0
BRDA:19,2,0,0
BRDA:19,2,1,0
BRF:4
BRH:0
end_of_record
TN:
SF:./src/client/app/blocks/logger/logger.js
FN:1,(anonymous_1)
FN:11,logger
FN:27,error
FN:32,info
FN:37,success
FN:42,warning
FNF:6
FNH:5
FNDA:1,(anonymous_1)
FNDA:39,logger
FNDA:0,error
FNDA:6,info
FNDA:3,success
FNDA:1,warning
DA:1,1
DA:4,1
DA:8,1
DA:11,1
DA:12,39
DA:24,39
DA:27,1
DA:28,0
DA:29,0
DA:32,1
DA:33,6
DA:34,6
DA:37,1
DA:38,3
DA:39,3
DA:42,1
DA:43,1
DA:44,1
LF:18
LH:16
BRF:0
BRH:0
end_of_record
TN:
SF:./src/client/app/blocks/router/router-helper.provider.js
FN:2,(anonymous_1)
FN:11,routerHelperProvider
FN:24,(anonymous_3)
FN:31,RouterHelper
FN:51,configureStates
FN:52,(anonymous_6)
FN:63,handleRoutingErrors
FN:68,(anonymous_8)
FN:86,init
FN:91,getStates
FN:93,updateDocTitle
FN:95,(anonymous_12)
FNF:12
FNH:12
FNDA:1,(anonymous_1)
FNDA:31,routerHelperProvider
FNDA:31,(anonymous_3)
FNDA:31,RouterHelper
FNDA:49,configureStates
FNDA:49,(anonymous_6)
FNDA:31,handleRoutingErrors
FNDA:1,(anonymous_8)
FNDA:31,init
FNDA:3,getStates
FNDA:31,updateDocTitle
FNDA:23,(anonymous_12)
DA:2,1
DA:5,1
DA:9,1
DA:11,1
DA:13,31
DA:18,31
DA:19,0
DA:22,31
DA:24,31
DA:25,31
DA:28,31
DA:29,31
DA:31,1
DA:32,31
DA:33,31
DA:34,31
DA:39,31
DA:45,31
DA:47,31
DA:51,1
DA:52,49
DA:53,49
DA:55,49
DA:57,49
DA:58,31
DA:59,31
DA:63,1
DA:67,31
DA:69,1
DA:70,0
DA:72,1
DA:73,1
DA:74,1
DA:77,1
DA:80,1
DA:81,1
DA:86,1
DA:87,31
DA:88,31
DA:91,3
DA:93,1
DA:94,31
DA:96,23
DA:97,23
DA:98,23
DA:99,23
LF:46
LH:44
BRDA:18,1,0,0
BRDA:18,1,1,31
BRDA:18,2,0,31
BRDA:18,2,1,31
BRDA:54,3,0,49
BRDA:54,3,1,46
BRDA:57,4,0,31
BRDA:57,4,1,18
BRDA:57,5,0,49
BRDA:57,5,1,34
BRDA:69,6,0,0
BRDA:69,6,1,1
BRDA:74,7,0,1
BRDA:74,7,1,1
BRDA:74,7,2,0
BRDA:74,7,3,0
BRDA:74,7,4,0
BRDA:78,8,0,1
BRDA:78,8,1,1
BRDA:78,9,0,1
BRDA:78,9,1,1
BRDA:79,10,0,1
BRDA:79,10,1,1
BRDA:98,11,0,23
BRDA:98,11,1,0
BRF:25
BRH:19
end_of_record
TN:
SF:./src/client/app/core/config.js
FN:1,(anonymous_1)
FN:10,toastrConfig
FN:26,configure
FNF:3
FNH:3
FNDA:1,(anonymous_1)
FNDA:31,toastrConfig
FNDA:31,configure
DA:1,1
DA:4,1
DA:6,1
DA:8,1
DA:10,1
DA:11,31
DA:12,31
DA:15,1
DA:20,1
DA:22,1
DA:24,1
DA:26,1
DA:27,31
DA:28,31
DA:30,31
DA:31,31
LF:16
LH:16
BRDA:27,1,0,31
BRDA:27,1,1,0
BRF:2
BRH:1
end_of_record
TN:
SF:./src/client/app/core/constants.js
FN:2,(anonymous_1)
FNF:1
FNH:1
FNDA:1,(anonymous_1)
DA:2,1
DA:5,1
LF:2
LH:2
BRF:0
BRH:0
end_of_record
TN:
SF:./src/client/app/core/core.route.js
FN:1,(anonymous_1)
FN:9,appRun
FN:14,getStates
FNF:3
FNH:3
FNDA:1,(anonymous_1)
FNDA:31,appRun
FNDA:31,getStates
DA:1,1
DA:4,1
DA:9,1
DA:10,31
DA:11,31
DA:14,1
DA:15,31
LF:7
LH:7
BRF:0
BRH:0
end_of_record
TN:
SF:./src/client/app/core/dataservice.js
FN:1,(anonymous_1)
FN:10,dataservice
FN:18,getMessageCount
FN:20,getPeople
FN:25,success
FN:29,fail
FNF:6
FNH:2
FNDA:1,(anonymous_1)
FNDA:9,dataservice
FNDA:0,getMessageCount
FNDA:0,getPeople
FNDA:0,success
FNDA:0,fail
DA:1,1
DA:4,1
DA:8,1
DA:10,1
DA:11,9
DA:16,9
DA:18,1
DA:20,1
DA:21,0
DA:25,1
DA:26,0
DA:29,1
DA:30,0
LF:13
LH:10
BRF:0
BRH:0
end_of_record
TN:
SF:./src/client/app/dashboard/dashboard.controller.js
FN:1,(anonymous_1)
FN:10,DashboardController
FN:19,activate
FN:21,(anonymous_4)
FN:26,getPeople
FN:31,(anonymous_6)
FNF:6
FNH:5
FNDA:1,(anonymous_1)
FNDA:5,DashboardController
FNDA:5,activate
FNDA:5,(anonymous_4)
FNDA:5,getPeople
FNDA:0,(anonymous_6)
DA:1,1
DA:4,1
DA:8,1
DA:10,1
DA:11,5
DA:12,5
DA:14,5
DA:15,5
DA:17,5
DA:19,1
DA:20,5
DA:21,5
DA:22,5
DA:26,1
DA:27,5
DA:28,5
DA:29,5
DA:31,0
DA:32,0
DA:33,0
DA:34,0
LF:21
LH:17
BRDA:27,1,0,5
BRDA:27,1,1,0
BRF:2
BRH:1
end_of_record
TN:
SF:./src/client/app/dashboard/dashboard.route.js
FN:1,(anonymous_1)
FN:10,appRun
FN:14,getStates
FNF:3
FNH:3
FNDA:1,(anonymous_1)
FNDA:8,appRun
FNDA:8,getStates
DA:1,1
DA:4,1
DA:8,1
DA:10,1
DA:11,8
DA:14,1
DA:15,8
LF:7
LH:7
BRF:0
BRH:0
end_of_record
TN:
SF:./src/client/app/form/form.controller.js
FN:1,(anonymous_1)
FN:10,FormController
FN:20,activate
FN:27,submit
FN:39,populate
FNF:5
FNH:1
FNDA:1,(anonymous_1)
FNDA:0,FormController
FNDA:0,activate
FNDA:0,submit
FNDA:0,populate
DA:1,1
DA:4,1
DA:8,1
DA:10,1
DA:11,0
DA:12,0
DA:13,0
DA:14,0
DA:15,0
DA:16,0
DA:18,0
DA:20,1
DA:21,0
DA:22,0
DA:23,0
DA:27,1
DA:28,0
DA:29,0
DA:30,0
DA:32,0
DA:33,0
DA:35,0
DA:36,0
DA:39,1
DA:40,0
DA:41,0
DA:42,0
DA:43,0
DA:44,0
DA:45,0
LF:30
LH:7
BRDA:22,1,0,0
BRDA:22,1,1,0
BRDA:28,2,0,0
BRDA:28,2,1,0
BRF:4
BRH:0
end_of_record
TN:
SF:./src/client/app/form/form.route.js
FN:1,(anonymous_1)
FN:10,appRun
FN:14,getStates
FN:21,(anonymous_4)
FNF:4
FNH:4
FNDA:1,(anonymous_1)
FNDA:3,appRun
FNDA:3,getStates
FNDA:1,(anonymous_4)
DA:1,1
DA:4,1
DA:8,1
DA:10,1
DA:11,3
DA:14,1
DA:15,3
DA:22,1
DA:23,1
DA:24,1
DA:25,0
DA:28,0
LF:12
LH:10
BRDA:24,1,0,0
BRDA:24,1,1,0
BRF:2
BRH:0
end_of_record
TN:
SF:./src/client/app/layout/ht-sidebar.directive.js
FN:1,(anonymous_1)
FN:9,htSidebar
FN:25,link
FN:31,dropdown
FNF:4
FNH:4
FNDA:1,(anonymous_1)
FNDA:7,htSidebar
FNDA:7,link
FNDA:5,dropdown
DA:1,1
DA:4,1
DA:9,1
DA:16,7
DA:23,7
DA:25,1
DA:26,7
DA:27,7
DA:28,7
DA:29,7
DA:31,1
DA:32,5
DA:33,5
DA:34,5
DA:35,3
DA:36,3
DA:37,2
DA:38,2
DA:39,2
LF:19
LH:19
BRDA:34,1,0,3
BRDA:34,1,1,2
BRDA:37,2,0,2
BRDA:37,2,1,0
BRF:4
BRH:3
end_of_record
TN:
SF:./src/client/app/layout/ht-top-nav.directive.js
FN:1,(anonymous_1)
FN:9,htTopNav
FN:24,TopNavController
FNF:3
FNH:1
FNDA:1,(anonymous_1)
FNDA:0,htTopNav
FNDA:0,TopNavController
DA:1,1
DA:4,1
DA:9,1
DA:10,0
DA:21,0
DA:24,1
DA:25,0
DA:26,0
DA:29,0
LF:9
LH:4
BRF:0
BRH:0
end_of_record
TN:
SF:./src/client/app/layout/shell.controller.js
FN:1,(anonymous_1)
FN:10,ShellController
FN:23,activate
FN:28,hideSplash
FN:30,(anonymous_5)
FNF:5
FNH:5
FNDA:1,(anonymous_1)
FNDA:3,ShellController
FNDA:3,activate
FNDA:3,hideSplash
FNDA:1,(anonymous_5)
DA:1,1
DA:4,1
DA:8,1
DA:10,1
DA:11,3
DA:12,3
DA:13,3
DA:14,3
DA:15,3
DA:21,3
DA:23,1
DA:24,3
DA:25,3
DA:28,1
DA:30,3
DA:31,1
LF:16
LH:16
BRF:0
BRH:0
end_of_record
TN:
SF:./src/client/app/layout/sidebar.controller.js
FN:1,(anonymous_1)
FN:10,SidebarController
FN:17,activate
FN:19,getNavRoutes
FN:20,(anonymous_5)
FN:22,(anonymous_6)
FN:27,isCurrent
FNF:7
FNH:6
FNDA:1,(anonymous_1)
FNDA:3,SidebarController
FNDA:3,activate
FNDA:3,getNavRoutes
FNDA:9,(anonymous_5)
FNDA:0,(anonymous_6)
FNDA:3,isCurrent
DA:1,1
DA:4,1
DA:8,1
DA:10,1
DA:11,3
DA:12,3
DA:13,3
DA:15,3
DA:17,3
DA:19,1
DA:20,3
DA:21,9
DA:23,0
DA:27,1
DA:28,3
DA:29,0
DA:31,3
DA:32,3
LF:18
LH:16
BRDA:21,1,0,9
BRDA:21,1,1,3
BRDA:28,2,0,0
BRDA:28,2,1,3
BRDA:28,3,0,3
BRDA:28,3,1,3
BRDA:28,3,2,3
BRDA:32,4,0,2
BRDA:32,4,1,1
BRF:9
BRH:8
end_of_record
TN:
SF:./src/client/app/person/person.controller.js
FN:1,(anonymous_1)
FN:10,PersonController
FN:18,activate
FN:23,getPerson
FNF:4
FNH:4
FNDA:1,(anonymous_1)
FNDA:1,PersonController
FNDA:1,activate
FNDA:1,getPerson
DA:1,1
DA:4,1
DA:8,1
DA:10,1
DA:11,1
DA:12,1
DA:13,1
DA:14,1
DA:16,1
DA:18,1
DA:19,1
DA:20,1
DA:23,1
DA:24,1
DA:25,1
DA:26,1
DA:27,1
DA:29,0
LF:18
LH:17
BRDA:24,1,0,1
BRDA:24,1,1,0
BRF:2
BRH:1
end_of_record
TN:
SF:./src/client/app/person/person.route.js
FN:1,(anonymous_1)
FN:10,appRun
FN:14,getStates
FNF:3
FNH:3
FNDA:1,(anonymous_1)
FNDA:4,appRun
FNDA:4,getStates
DA:1,1
DA:4,1
DA:8,1
DA:10,1
DA:11,4
DA:14,1
DA:15,4
LF:7
LH:7
BRF:0
BRH:0
end_of_record
TN:
SF:./src/client/app/widgets/ht-img-person.directive.js
FN:1,(anonymous_1)
FN:10,htImgPerson
FN:21,link
FN:22,(anonymous_4)
FNF:4
FNH:1
FNDA:1,(anonymous_1)
FNDA:0,htImgPerson
FNDA:0,link
FNDA:0,(anonymous_4)
DA:1,1
DA:4,1
DA:8,1
DA:10,1
DA:13,0
DA:14,0
DA:15,0
DA:19,0
DA:21,1
DA:22,0
DA:23,0
DA:24,0
LF:12
LH:5
BRDA:23,1,0,0
BRDA:23,1,1,0
BRF:2
BRH:0
end_of_record
TN:
SF:./src/client/app/widgets/ht-widget-header.directive.js
FN:1,(anonymous_1)
FN:9,htWidgetHeader
FN:29,link
FN:30,(anonymous_4)
FNF:4
FNH:1
FNDA:1,(anonymous_1)
FNDA:0,htWidgetHeader
FNDA:0,link
FNDA:0,(anonymous_4)
DA:1,1
DA:4,1
DA:9,1
DA:16,0
DA:27,0
DA:29,1
DA:30,0
DA:31,0
DA:32,0
DA:33,0
LF:10
LH:4
BRDA:31,1,0,0
BRDA:31,1,1,0
BRF:2
BRH:0
end_of_record
